<?xml version="1.0" ?>
<coverage branch-rate="0" line-rate="0.8" timestamp="1460488624050" version="4.0.3">
  <sources>
    <source></source>
  </sources>
  <packages>
    <package branch-rate="0" complexity="0" line-rate="0.8" name=".">
      <classes>
        <class branch-rate="0" complexity="0" filename="file_with_new_uncovered.py" line-rate="0.8" name="file_with_new_uncovered.py">
          <methods>
            <method name="my_func" line-rate="0.8" branch-rate="0">
              <lines>
                <line hits="1" number="1" branch="false"/>
                <line hits="1" number="2" branch="false"/>
                <line hits="1" number="3" branch="false"/>
                <line hits="0" number="4" branch="false"/>
                <line hits="1" number="5" branch="false"/>
                <line hits="1" number="6" branch="false"/>
                <line hits="1" number="7" branch="false"/>
                <line hits="1" number="8" branch="false"/>
                <line hits="0" number="9" branch="false"/>
                <line hits="1" number="10" branch="false"/>
              </lines>
            </method>
          </methods>
          <lines>
            <line hits="1" number="1" branch="false"/>
            <line hits="1" number="2" branch="false"/>
            <line hits="1" number="3" branch="false"/>
            <line hits="0" number="4" branch="false"/>
            <line hits="1" number="5" branch="false"/>
            <line hits="1" number="6" branch="false"/>
            <line hits="1" number="7" branch="false"/>
            <line hits="1" number="8" branch="false"/>
            <line hits="0" number="9" branch="false"/>
            <line hits="1" number="10" branch="false"/>
          </lines>
        </class>
      </classes>
    </package>
  </packages>
</coverage> 